2022-01-26 12:03:57.634  INFO 19376 --- [restartedMain] c.your_help.example.YourHelpApplication  : Starting YourHelpApplication using Java 11.0.9 on DESKTOP-5ME8B44 with PID 19376 (D:\Facultate\Master I\PPAW\your_help_back-end\target\classes started by dburla in D:\Facultate\Master I\PPAW\your_help_back-end)
2022-01-26 12:03:57.635  INFO 19376 --- [restartedMain] c.your_help.example.YourHelpApplication  : No active profile set, falling back to default profiles: default
2022-01-26 12:03:57.701  INFO 19376 --- [restartedMain] o.s.b.devtools.restart.ChangeableUrls    : The Class-Path manifest attribute in C:\Users\dburla\.m2\repository\com\oracle\database\jdbc\ojdbc8\21.1.0.0\ojdbc8-21.1.0.0.jar referenced one or more files that do not exist: file:/C:/Users/dburla/.m2/repository/com/oracle/database/jdbc/ojdbc8/21.1.0.0/oraclepki.jar
2022-01-26 12:03:57.706  INFO 19376 --- [restartedMain] .e.DevToolsPropertyDefaultsPostProcessor : Devtools property defaults active! Set 'spring.devtools.add-properties' to 'false' to disable
2022-01-26 12:03:57.706  INFO 19376 --- [restartedMain] .e.DevToolsPropertyDefaultsPostProcessor : For additional web related logging consider setting the 'logging.level.web' property to 'DEBUG'
2022-01-26 12:03:58.605  INFO 19376 --- [restartedMain] .s.d.r.c.RepositoryConfigurationDelegate : Bootstrapping Spring Data JPA repositories in DEFAULT mode.
2022-01-26 12:03:58.672  INFO 19376 --- [restartedMain] .s.d.r.c.RepositoryConfigurationDelegate : Finished Spring Data repository scanning in 55 ms. Found 3 JPA repository interfaces.
2022-01-26 12:03:59.358  INFO 19376 --- [restartedMain] o.s.b.w.embedded.tomcat.TomcatWebServer  : Tomcat initialized with port(s): 8080 (http)
2022-01-26 12:03:59.370  INFO 19376 --- [restartedMain] o.apache.catalina.core.StandardService   : Starting service [Tomcat]
2022-01-26 12:03:59.370  INFO 19376 --- [restartedMain] org.apache.catalina.core.StandardEngine  : Starting Servlet engine: [Apache Tomcat/9.0.54]
2022-01-26 12:03:59.486  INFO 19376 --- [restartedMain] o.a.c.c.C.[Tomcat].[localhost].[/]       : Initializing Spring embedded WebApplicationContext
2022-01-26 12:03:59.486  INFO 19376 --- [restartedMain] w.s.c.ServletWebServerApplicationContext : Root WebApplicationContext: initialization completed in 1779 ms
2022-01-26 12:03:59.687  INFO 19376 --- [restartedMain] o.hibernate.jpa.internal.util.LogHelper  : HHH000204: Processing PersistenceUnitInfo [name: default]
2022-01-26 12:03:59.730  INFO 19376 --- [restartedMain] org.hibernate.Version                    : HHH000412: Hibernate ORM core version 5.4.32.Final
2022-01-26 12:03:59.833  INFO 19376 --- [restartedMain] o.hibernate.annotations.common.Version   : HCANN000001: Hibernate Commons Annotations {5.1.2.Final}
2022-01-26 12:03:59.927  INFO 19376 --- [restartedMain] com.zaxxer.hikari.HikariDataSource       : HikariPool-1 - Starting...
2022-01-26 12:04:00.173  INFO 19376 --- [restartedMain] com.zaxxer.hikari.HikariDataSource       : HikariPool-1 - Start completed.
2022-01-26 12:04:00.187  INFO 19376 --- [restartedMain] org.hibernate.dialect.Dialect            : HHH000400: Using dialect: org.hibernate.dialect.MySQL5InnoDBDialect
2022-01-26 12:04:01.000  INFO 19376 --- [restartedMain] o.h.e.t.j.p.i.JtaPlatformInitiator       : HHH000490: Using JtaPlatform implementation: [org.hibernate.engine.transaction.jta.platform.internal.NoJtaPlatform]
2022-01-26 12:04:01.009  INFO 19376 --- [restartedMain] j.LocalContainerEntityManagerFactoryBean : Initialized JPA EntityManagerFactory for persistence unit 'default'
2022-01-26 12:04:02.089  WARN 19376 --- [restartedMain] JpaBaseConfiguration$JpaWebConfiguration : spring.jpa.open-in-view is enabled by default. Therefore, database queries may be performed during view rendering. Explicitly configure spring.jpa.open-in-view to disable this warning
2022-01-26 12:04:02.465  INFO 19376 --- [restartedMain] o.s.b.d.a.OptionalLiveReloadServer       : LiveReload server is running on port 35729
2022-01-26 12:04:02.504  INFO 19376 --- [restartedMain] o.s.b.w.embedded.tomcat.TomcatWebServer  : Tomcat started on port(s): 8080 (http) with context path ''
2022-01-26 12:04:02.518  INFO 19376 --- [restartedMain] c.your_help.example.YourHelpApplication  : Started YourHelpApplication in 5.591 seconds (JVM running for 7.513)
